<?xml version="1.0" encoding="UTF-8"?>
<testsuite name="com.jessemcgilallen.lc.persistence.LanguageDaoTest" tests="6" skipped="0" failures="0" errors="0" timestamp="2016-04-07T01:54:42" hostname="Haskell" time="1.663">
  <properties/>
  <testcase name="testFindAll" classname="com.jessemcgilallen.lc.persistence.LanguageDaoTest" time="1.548"/>
  <testcase name="testFindByName" classname="com.jessemcgilallen.lc.persistence.LanguageDaoTest" time="0.039"/>
  <testcase name="testFindById" classname="com.jessemcgilallen.lc.persistence.LanguageDaoTest" time="0.027"/>
  <testcase name="testCreate" classname="com.jessemcgilallen.lc.persistence.LanguageDaoTest" time="0.014"/>
  <testcase name="testDelete" classname="com.jessemcgilallen.lc.persistence.LanguageDaoTest" time="0.02"/>
  <testcase name="testUpdate" classname="com.jessemcgilallen.lc.persistence.LanguageDaoTest" time="0.012"/>
  <system-out><![CDATA[Python Id:65
]]></system-out>
  <system-err><![CDATA[ERROR StatusLogger No log4j2 configuration file found. Using default configuration: logging only errors to the console.
Apr 06, 2016 8:54:43 PM org.hibernate.annotations.common.Version <clinit>
INFO: HCANN000001: Hibernate Commons Annotations {4.0.2.Final}
Apr 06, 2016 8:54:43 PM org.hibernate.Version logVersion
INFO: HHH000412: Hibernate Core {4.2.2.Final}
Apr 06, 2016 8:54:43 PM org.hibernate.cfg.Environment <clinit>
INFO: HHH000206: hibernate.properties not found
Apr 06, 2016 8:54:43 PM org.hibernate.cfg.Environment buildBytecodeProvider
INFO: HHH000021: Bytecode provider name : javassist
Apr 06, 2016 8:54:43 PM org.hibernate.cfg.Configuration configure
INFO: HHH000043: Configuring from resource: /hibernate.cfg.xml
Apr 06, 2016 8:54:43 PM org.hibernate.cfg.Configuration getConfigurationInputStream
INFO: HHH000040: Configuration resource: /hibernate.cfg.xml
Apr 06, 2016 8:54:43 PM org.hibernate.cfg.Configuration addResource
INFO: HHH000221: Reading mappings from resource: User.hbm.xml
Apr 06, 2016 8:54:43 PM org.hibernate.cfg.Configuration addResource
INFO: HHH000221: Reading mappings from resource: Language.hbm.xml
Apr 06, 2016 8:54:43 PM org.hibernate.cfg.Configuration doConfigure
INFO: HHH000041: Configured SessionFactory: null
Apr 06, 2016 8:54:43 PM org.hibernate.service.jdbc.connections.internal.DriverManagerConnectionProviderImpl configure
INFO: HHH000402: Using Hibernate built-in connection pool (not for production use!)
Apr 06, 2016 8:54:43 PM org.hibernate.service.jdbc.connections.internal.DriverManagerConnectionProviderImpl configure
INFO: HHH000115: Hibernate connection pool size: 20
Apr 06, 2016 8:54:43 PM org.hibernate.service.jdbc.connections.internal.DriverManagerConnectionProviderImpl configure
INFO: HHH000006: Autocommit mode: false
Apr 06, 2016 8:54:43 PM org.hibernate.service.jdbc.connections.internal.DriverManagerConnectionProviderImpl configure
INFO: HHH000401: using driver [com.mysql.jdbc.Driver] at URL [jdbc:mysql://localhost:3306/test_programming_review]
Apr 06, 2016 8:54:43 PM org.hibernate.service.jdbc.connections.internal.DriverManagerConnectionProviderImpl configure
INFO: HHH000046: Connection properties: {user=jesse, password=****}
Apr 06, 2016 8:54:43 PM org.hibernate.dialect.Dialect <init>
INFO: HHH000400: Using dialect: org.hibernate.dialect.MySQL5Dialect
Apr 06, 2016 8:54:43 PM org.hibernate.engine.transaction.internal.TransactionFactoryInitiator initiateService
INFO: HHH000399: Using default transaction strategy (direct JDBC transactions)
Apr 06, 2016 8:54:43 PM org.hibernate.hql.internal.ast.ASTQueryTranslatorFactory <init>
INFO: HHH000397: Using ASTQueryTranslatorFactory
]]></system-err>
</testsuite>
